<?xml version="1.0" encoding="UTF-8"?>
<!-- Generated by org.testng.reporters.JUnitReportReporter -->
<testsuite skipped="0" hostname="LAPTOP-FEADUQ9H" name="com.qa.tests.TestLogin" tests="1" failures="0" timestamp="2020-04-09T00:00:13 IST" time="0.013" errors="0">
  <testcase name="loginTest" time="0.013" classname="com.qa.tests.TestLogin"/>
  <system-out/>
</testsuite> <!-- com.qa.tests.TestLogin -->
